app/build/intermediates/manifest_merge_blame_file/debug/manifest-merger-blame-debug-report.txt
1<?xml version="1.0" encoding="utf-8"?>
2<manifest xmlns:android="http://schemas.android.com/apk/res/android"
3    package="techlab.ai.hackathon"
4    android:versionCode="1"
5    android:versionName="1.0" >
6
7    <uses-sdk
8        android:minSdkVersion="23"
8-->src/main/AndroidManifest.xml
9        android:targetSdkVersion="31" />
9-->src/main/AndroidManifest.xml
10
11    <application
11-->src/main/AndroidManifest.xml:5:5-28:19
12        android:name="techlab.ai.hackathon.MyApplication"
12-->src/main/AndroidManifest.xml:6:9-38
13        android:allowBackup="true"
13-->src/main/AndroidManifest.xml:7:9-35
14        android:appComponentFactory="androidx.core.app.CoreComponentFactory"
14-->[androidx.core:core:1.7.0] AndroidManifest.xml:24:18-86
15        android:debuggable="true"
16        android:extractNativeLibs="false"
17        android:icon="@mipmap/ic_launcher"
17-->src/main/AndroidManifest.xml:8:9-43
18        android:label="@string/app_name"
18-->src/main/AndroidManifest.xml:9:9-41
19        android:roundIcon="@mipmap/ic_launcher_round"
19-->src/main/AndroidManifest.xml:10:9-54
20        android:supportsRtl="true"
20-->src/main/AndroidManifest.xml:11:9-35
21        android:testOnly="true"
22        android:theme="@style/Theme.Hackathon" >
22-->src/main/AndroidManifest.xml:12:9-47
23
24        <!-- <activity -->
25        <!-- android:name=".ui.multi_choice.MultiChoiceActivity" -->
26        <!-- android:exported="false" /> -->
27        <activity
27-->src/main/AndroidManifest.xml:16:9-18:40
28            android:name="techlab.ai.hackathon.ui.login.LoginActivity"
28-->src/main/AndroidManifest.xml:17:13-51
29            android:exported="false" />
29-->src/main/AndroidManifest.xml:18:13-37
30        <activity
30-->src/main/AndroidManifest.xml:19:9-27:20
31            android:name="techlab.ai.hackathon.ui.multi_choice.MultiChoiceActivity"
31-->src/main/AndroidManifest.xml:20:13-64
32            android:exported="true" >
32-->src/main/AndroidManifest.xml:21:13-36
33            <intent-filter>
33-->src/main/AndroidManifest.xml:22:13-26:29
34                <action android:name="android.intent.action.MAIN" />
34-->src/main/AndroidManifest.xml:23:17-69
34-->src/main/AndroidManifest.xml:23:25-66
35
36                <category android:name="android.intent.category.LAUNCHER" />
36-->src/main/AndroidManifest.xml:25:17-77
36-->src/main/AndroidManifest.xml:25:27-74
37            </intent-filter>
38        </activity>
39    </application>
40
41</manifest>